<?xml version="1.0" encoding="UTF-8"?>
<!-- Generated by org.testng.reporters.JUnitReportReporter -->
<testsuite hostname="Administrator" failures="0" tests="1" name="Test_login.VerifyLoginTest" time="2.959" errors="0" timestamp="2023-07-08T19:47:56 IST" skipped="0">
  <testcase classname="Test_login.VerifyLoginTest" name="TC_001" time="2.959"/>
</testsuite> <!-- Test_login.VerifyLoginTest -->
